2022-07-06 10:39:29.737  INFO 8532 --- [main] c.z.s.SofaProviderApplication            : Starting SofaProviderApplication on DESKTOP-5ERT7R2 with PID 8532 (F:\sofademo-parent\sofa_provider\target\classes started by 赵航 in F:\sofademo-parent)
2022-07-06 10:39:29.739  INFO 8532 --- [main] c.z.s.SofaProviderApplication            : No active profile set, falling back to default profiles: default
2022-07-06 10:39:30.494  WARN 8532 --- [main] o.m.s.mapper.ClassPathMapperScanner      : No MyBatis mapper was found in '[com.zh.sofa_provider]' package. Please check your configuration.
2022-07-06 10:39:30.787  INFO 8532 --- [main] o.s.b.w.embedded.tomcat.TomcatWebServer  : Tomcat initialized with port(s): 8081 (http)
2022-07-06 10:39:30.793  INFO 8532 --- [main] o.apache.catalina.core.StandardService   : Starting service [Tomcat]
2022-07-06 10:39:30.793  INFO 8532 --- [main] org.apache.catalina.core.StandardEngine  : Starting Servlet engine: [Apache Tomcat/9.0.43]
2022-07-06 10:39:30.859  INFO 8532 --- [main] o.a.c.c.C.[Tomcat].[localhost].[/]       : Initializing Spring embedded WebApplicationContext
2022-07-06 10:39:30.859  INFO 8532 --- [main] w.s.c.ServletWebServerApplicationContext : Root WebApplicationContext: initialization completed in 1087 ms
2022-07-06 10:39:30.963  WARN 8532 --- [main] ConfigServletWebServerApplicationContext : Exception encountered during context initialization - cancelling refresh attempt: org.springframework.beans.factory.UnsatisfiedDependencyException: Error creating bean with name 'userServiceImpl': Unsatisfied dependency expressed through field 'baseMapper'; nested exception is org.springframework.beans.factory.NoSuchBeanDefinitionException: No qualifying bean of type 'com.zh.sofa_provider.mapper.UserMapper' available: expected at least 1 bean which qualifies as autowire candidate. Dependency annotations: {@org.springframework.beans.factory.annotation.Autowired(required=true)}
2022-07-06 10:39:30.965  INFO 8532 --- [main] o.apache.catalina.core.StandardService   : Stopping service [Tomcat]
2022-07-06 10:39:30.977  INFO 8532 --- [main] ConditionEvaluationReportLoggingListener : 

Error starting ApplicationContext. To display the conditions report re-run your application with 'debug' enabled.
2022-07-06 10:39:31.034 ERROR 8532 --- [main] o.s.boot.SpringApplication               : Application run failed

org.springframework.beans.factory.UnsatisfiedDependencyException: Error creating bean with name 'userServiceImpl': Unsatisfied dependency expressed through field 'baseMapper'; nested exception is org.springframework.beans.factory.NoSuchBeanDefinitionException: No qualifying bean of type 'com.zh.sofa_provider.mapper.UserMapper' available: expected at least 1 bean which qualifies as autowire candidate. Dependency annotations: {@org.springframework.beans.factory.annotation.Autowired(required=true)}
	at org.springframework.beans.factory.annotation.AutowiredAnnotationBeanPostProcessor$AutowiredFieldElement.resolveFieldValue(AutowiredAnnotationBeanPostProcessor.java:660) ~[spring-beans-5.2.13.RELEASE.jar:5.2.13.RELEASE]
	at org.springframework.beans.factory.annotation.AutowiredAnnotationBeanPostProcessor$AutowiredFieldElement.inject(AutowiredAnnotationBeanPostProcessor.java:640) ~[spring-beans-5.2.13.RELEASE.jar:5.2.13.RELEASE]
	at org.springframework.beans.factory.annotation.InjectionMetadata.inject(InjectionMetadata.java:119) ~[spring-beans-5.2.13.RELEASE.jar:5.2.13.RELEASE]
	at org.springframework.beans.factory.annotation.AutowiredAnnotationBeanPostProcessor.postProcessProperties(AutowiredAnnotationBeanPostProcessor.java:399) ~[spring-beans-5.2.13.RELEASE.jar:5.2.13.RELEASE]
	at org.springframework.beans.factory.support.AbstractAutowireCapableBeanFactory.populateBean(AbstractAutowireCapableBeanFactory.java:1425) ~[spring-beans-5.2.13.RELEASE.jar:5.2.13.RELEASE]
	at org.springframework.beans.factory.support.AbstractAutowireCapableBeanFactory.doCreateBean(AbstractAutowireCapableBeanFactory.java:593) ~[spring-beans-5.2.13.RELEASE.jar:5.2.13.RELEASE]
	at org.springframework.beans.factory.support.AbstractAutowireCapableBeanFactory.createBean(AbstractAutowireCapableBeanFactory.java:516) ~[spring-beans-5.2.13.RELEASE.jar:5.2.13.RELEASE]
	at org.springframework.beans.factory.support.AbstractBeanFactory.lambda$doGetBean$0(AbstractBeanFactory.java:324) ~[spring-beans-5.2.13.RELEASE.jar:5.2.13.RELEASE]
	at org.springframework.beans.factory.support.DefaultSingletonBeanRegistry.getSingleton(DefaultSingletonBeanRegistry.java:234) ~[spring-beans-5.2.13.RELEASE.jar:5.2.13.RELEASE]
	at org.springframework.beans.factory.support.AbstractBeanFactory.doGetBean(AbstractBeanFactory.java:322) ~[spring-beans-5.2.13.RELEASE.jar:5.2.13.RELEASE]
	at org.springframework.beans.factory.support.AbstractBeanFactory.getBean(AbstractBeanFactory.java:202) ~[spring-beans-5.2.13.RELEASE.jar:5.2.13.RELEASE]
	at org.springframework.beans.factory.support.DefaultListableBeanFactory.preInstantiateSingletons(DefaultListableBeanFactory.java:897) ~[spring-beans-5.2.13.RELEASE.jar:5.2.13.RELEASE]
	at org.springframework.context.support.AbstractApplicationContext.finishBeanFactoryInitialization(AbstractApplicationContext.java:879) ~[spring-context-5.2.13.RELEASE.jar:5.2.13.RELEASE]
	at org.springframework.context.support.AbstractApplicationContext.refresh(AbstractApplicationContext.java:551) ~[spring-context-5.2.13.RELEASE.jar:5.2.13.RELEASE]
	at org.springframework.boot.web.servlet.context.ServletWebServerApplicationContext.refresh(ServletWebServerApplicationContext.java:143) ~[spring-boot-2.3.9.RELEASE.jar:2.3.9.RELEASE]
	at org.springframework.boot.SpringApplication.refresh(SpringApplication.java:758) [spring-boot-2.3.9.RELEASE.jar:2.3.9.RELEASE]
	at org.springframework.boot.SpringApplication.refresh(SpringApplication.java:750) [spring-boot-2.3.9.RELEASE.jar:2.3.9.RELEASE]
	at org.springframework.boot.SpringApplication.refreshContext(SpringApplication.java:405) [spring-boot-2.3.9.RELEASE.jar:2.3.9.RELEASE]
	at org.springframework.boot.SpringApplication.run(SpringApplication.java:315) [spring-boot-2.3.9.RELEASE.jar:2.3.9.RELEASE]
	at org.springframework.boot.SpringApplication.run(SpringApplication.java:1237) [spring-boot-2.3.9.RELEASE.jar:2.3.9.RELEASE]
	at org.springframework.boot.SpringApplication.run(SpringApplication.java:1226) [spring-boot-2.3.9.RELEASE.jar:2.3.9.RELEASE]
	at com.zh.sofa_provider.SofaProviderApplication.main(SofaProviderApplication.java:9) [classes/:na]
Caused by: org.springframework.beans.factory.NoSuchBeanDefinitionException: No qualifying bean of type 'com.zh.sofa_provider.mapper.UserMapper' available: expected at least 1 bean which qualifies as autowire candidate. Dependency annotations: {@org.springframework.beans.factory.annotation.Autowired(required=true)}
	at org.springframework.beans.factory.support.DefaultListableBeanFactory.raiseNoMatchingBeanFound(DefaultListableBeanFactory.java:1717) ~[spring-beans-5.2.13.RELEASE.jar:5.2.13.RELEASE]
	at org.springframework.beans.factory.support.DefaultListableBeanFactory.doResolveDependency(DefaultListableBeanFactory.java:1273) ~[spring-beans-5.2.13.RELEASE.jar:5.2.13.RELEASE]
	at org.springframework.beans.factory.support.DefaultListableBeanFactory.resolveDependency(DefaultListableBeanFactory.java:1227) ~[spring-beans-5.2.13.RELEASE.jar:5.2.13.RELEASE]
	at org.springframework.beans.factory.annotation.AutowiredAnnotationBeanPostProcessor$AutowiredFieldElement.resolveFieldValue(AutowiredAnnotationBeanPostProcessor.java:657) ~[spring-beans-5.2.13.RELEASE.jar:5.2.13.RELEASE]
	... 21 common frames omitted

2022-07-06 10:42:05.697  INFO 22036 --- [main] c.z.s.SofaProviderApplication            : Starting SofaProviderApplication on DESKTOP-5ERT7R2 with PID 22036 (F:\sofademo-parent\sofa_provider\target\classes started by 赵航 in F:\sofademo-parent)
2022-07-06 10:42:05.698  INFO 22036 --- [main] c.z.s.SofaProviderApplication            : No active profile set, falling back to default profiles: default
2022-07-06 10:42:06.483  INFO 22036 --- [main] o.s.b.w.embedded.tomcat.TomcatWebServer  : Tomcat initialized with port(s): 8081 (http)
2022-07-06 10:42:06.491  INFO 22036 --- [main] o.apache.catalina.core.StandardService   : Starting service [Tomcat]
2022-07-06 10:42:06.491  INFO 22036 --- [main] org.apache.catalina.core.StandardEngine  : Starting Servlet engine: [Apache Tomcat/9.0.43]
2022-07-06 10:42:06.556  INFO 22036 --- [main] o.a.c.c.C.[Tomcat].[localhost].[/]       : Initializing Spring embedded WebApplicationContext
2022-07-06 10:42:06.556  INFO 22036 --- [main] w.s.c.ServletWebServerApplicationContext : Root WebApplicationContext: initialization completed in 833 ms
2022-07-06 10:42:07.590  INFO 22036 --- [main] o.s.s.concurrent.ThreadPoolTaskExecutor  : Initializing ExecutorService 'applicationTaskExecutor'
2022-07-06 10:42:08.177  INFO 22036 --- [main] o.s.b.a.e.web.EndpointLinksResolver      : Exposing 4 endpoint(s) beneath base path '/actuator'
2022-07-06 10:42:08.617  INFO 22036 --- [main] o.s.b.w.embedded.tomcat.TomcatWebServer  : Tomcat started on port(s): 8081 (http) with context path ''
2022-07-06 10:42:17.543  INFO 22036 --- [main] c.z.s.SofaProviderApplication            : Started SofaProviderApplication in 12.151 seconds (JVM running for 12.931)
2022-07-06 10:42:17.684  INFO 22036 --- [RMI TCP Connection(1)-192.168.79.1] com.zaxxer.hikari.HikariDataSource       : HikariPool-1 - Starting...
2022-07-06 10:42:18.279  INFO 22036 --- [RMI TCP Connection(1)-192.168.79.1] com.zaxxer.hikari.HikariDataSource       : HikariPool-1 - Start completed.
2022-07-06 10:42:18.330  INFO 22036 --- [RMI TCP Connection(1)-192.168.79.1] o.a.c.c.C.[Tomcat].[localhost].[/]       : Initializing Spring DispatcherServlet 'dispatcherServlet'
2022-07-06 10:42:18.330  INFO 22036 --- [RMI TCP Connection(1)-192.168.79.1] o.s.web.servlet.DispatcherServlet        : Initializing Servlet 'dispatcherServlet'
2022-07-06 10:42:18.335  INFO 22036 --- [RMI TCP Connection(1)-192.168.79.1] o.s.web.servlet.DispatcherServlet        : Completed initialization in 5 ms
2022-07-06 10:42:28.713  INFO 22324 --- [main] c.z.s.SofaConsumerApplication            : Starting SofaConsumerApplication on DESKTOP-5ERT7R2 with PID 22324 (F:\sofademo-parent\sofa_consumer\target\classes started by 赵航 in F:\sofademo-parent)
2022-07-06 10:42:28.713  INFO 22324 --- [main] c.z.s.SofaConsumerApplication            : No active profile set, falling back to default profiles: default
2022-07-06 10:42:29.279  WARN 22324 --- [main] o.m.s.mapper.ClassPathMapperScanner      : No MyBatis mapper was found in '[com.zh.sofa_consumer]' package. Please check your configuration.
2022-07-06 10:42:29.554  INFO 22324 --- [main] o.s.b.w.embedded.tomcat.TomcatWebServer  : Tomcat initialized with port(s): 8082 (http)
2022-07-06 10:42:29.561  INFO 22324 --- [main] o.apache.catalina.core.StandardService   : Starting service [Tomcat]
2022-07-06 10:42:29.561  INFO 22324 --- [main] org.apache.catalina.core.StandardEngine  : Starting Servlet engine: [Apache Tomcat/9.0.43]
2022-07-06 10:42:29.629  INFO 22324 --- [main] o.a.c.c.C.[Tomcat].[localhost].[/]       : Initializing Spring embedded WebApplicationContext
2022-07-06 10:42:29.629  INFO 22324 --- [main] w.s.c.ServletWebServerApplicationContext : Root WebApplicationContext: initialization completed in 888 ms
2022-07-06 10:42:29.729  WARN 22324 --- [main] ConfigServletWebServerApplicationContext : Exception encountered during context initialization - cancelling refresh attempt: org.springframework.beans.factory.BeanCreationException: Error creating bean with name 'client': Injection of resource dependencies failed; nested exception is org.springframework.beans.factory.NoSuchBeanDefinitionException: No qualifying bean of type 'com.zh.sofa_provider.mapper.UserMapper' available: expected at least 1 bean which qualifies as autowire candidate. Dependency annotations: {@javax.annotation.Resource(shareable=true, lookup=, name=, description=, authenticationType=CONTAINER, type=class java.lang.Object, mappedName=)}
2022-07-06 10:42:29.731  INFO 22324 --- [main] o.apache.catalina.core.StandardService   : Stopping service [Tomcat]
2022-07-06 10:42:29.743  INFO 22324 --- [main] ConditionEvaluationReportLoggingListener : 

Error starting ApplicationContext. To display the conditions report re-run your application with 'debug' enabled.
2022-07-06 10:42:29.859 ERROR 22324 --- [main] o.s.b.d.LoggingFailureAnalysisReporter   : 

***************************
APPLICATION FAILED TO START
***************************

Description:

A component required a bean of type 'com.zh.sofa_provider.mapper.UserMapper' that could not be found.


Action:

Consider defining a bean of type 'com.zh.sofa_provider.mapper.UserMapper' in your configuration.

2022-07-06 10:43:45.496  INFO 13876 --- [main] c.z.s.SofaConsumerApplication            : Starting SofaConsumerApplication on DESKTOP-5ERT7R2 with PID 13876 (F:\sofademo-parent\sofa_consumer\target\classes started by 赵航 in F:\sofademo-parent)
2022-07-06 10:43:45.497  INFO 13876 --- [main] c.z.s.SofaConsumerApplication            : No active profile set, falling back to default profiles: default
2022-07-06 10:43:46.034  WARN 13876 --- [main] o.m.s.mapper.ClassPathMapperScanner      : No MyBatis mapper was found in '[com.zh.sofa_consumer]' package. Please check your configuration.
2022-07-06 10:43:46.296  INFO 13876 --- [main] o.s.b.w.embedded.tomcat.TomcatWebServer  : Tomcat initialized with port(s): 8082 (http)
2022-07-06 10:43:46.302  INFO 13876 --- [main] o.apache.catalina.core.StandardService   : Starting service [Tomcat]
2022-07-06 10:43:46.302  INFO 13876 --- [main] org.apache.catalina.core.StandardEngine  : Starting Servlet engine: [Apache Tomcat/9.0.43]
2022-07-06 10:43:46.369  INFO 13876 --- [main] o.a.c.c.C.[Tomcat].[localhost].[/]       : Initializing Spring embedded WebApplicationContext
2022-07-06 10:43:46.369  INFO 13876 --- [main] w.s.c.ServletWebServerApplicationContext : Root WebApplicationContext: initialization completed in 847 ms
2022-07-06 10:43:46.467  WARN 13876 --- [main] ConfigServletWebServerApplicationContext : Exception encountered during context initialization - cancelling refresh attempt: org.springframework.beans.factory.BeanCreationException: Error creating bean with name 'client': Injection of resource dependencies failed; nested exception is org.springframework.beans.factory.NoSuchBeanDefinitionException: No qualifying bean of type 'com.zh.sofa_provider.mapper.UserMapper' available: expected at least 1 bean which qualifies as autowire candidate. Dependency annotations: {@javax.annotation.Resource(shareable=true, lookup=, name=, description=, authenticationType=CONTAINER, type=class java.lang.Object, mappedName=)}
2022-07-06 10:43:46.470  INFO 13876 --- [main] o.apache.catalina.core.StandardService   : Stopping service [Tomcat]
2022-07-06 10:43:46.483  INFO 13876 --- [main] ConditionEvaluationReportLoggingListener : 

Error starting ApplicationContext. To display the conditions report re-run your application with 'debug' enabled.
2022-07-06 10:43:46.598 ERROR 13876 --- [main] o.s.b.d.LoggingFailureAnalysisReporter   : 

***************************
APPLICATION FAILED TO START
***************************

Description:

A component required a bean of type 'com.zh.sofa_provider.mapper.UserMapper' that could not be found.


Action:

Consider defining a bean of type 'com.zh.sofa_provider.mapper.UserMapper' in your configuration.

2022-07-06 10:43:52.718  INFO 22036 --- [SpringContextShutdownHook] o.s.s.concurrent.ThreadPoolTaskExecutor  : Shutting down ExecutorService 'applicationTaskExecutor'
2022-07-06 10:43:52.719  INFO 22036 --- [SpringContextShutdownHook] com.zaxxer.hikari.HikariDataSource       : HikariPool-1 - Shutdown initiated...
2022-07-06 10:43:52.726  INFO 22036 --- [SpringContextShutdownHook] com.zaxxer.hikari.HikariDataSource       : HikariPool-1 - Shutdown completed.
2022-07-06 10:44:13.856  INFO 25040 --- [main] c.z.s.SofaProviderApplication            : Starting SofaProviderApplication on DESKTOP-5ERT7R2 with PID 25040 (F:\sofademo-parent\sofa_provider\target\classes started by 赵航 in F:\sofademo-parent)
2022-07-06 10:44:13.856  INFO 25040 --- [main] c.z.s.SofaProviderApplication            : No active profile set, falling back to default profiles: default
2022-07-06 10:44:14.655  INFO 25040 --- [main] o.s.b.w.embedded.tomcat.TomcatWebServer  : Tomcat initialized with port(s): 8081 (http)
2022-07-06 10:44:14.661  INFO 25040 --- [main] o.apache.catalina.core.StandardService   : Starting service [Tomcat]
2022-07-06 10:44:14.661  INFO 25040 --- [main] org.apache.catalina.core.StandardEngine  : Starting Servlet engine: [Apache Tomcat/9.0.43]
2022-07-06 10:44:14.728  INFO 25040 --- [main] o.a.c.c.C.[Tomcat].[localhost].[/]       : Initializing Spring embedded WebApplicationContext
2022-07-06 10:44:14.728  INFO 25040 --- [main] w.s.c.ServletWebServerApplicationContext : Root WebApplicationContext: initialization completed in 844 ms
2022-07-06 10:44:15.733  INFO 25040 --- [main] o.s.s.concurrent.ThreadPoolTaskExecutor  : Initializing ExecutorService 'applicationTaskExecutor'
2022-07-06 10:44:16.312  INFO 25040 --- [main] o.s.b.a.e.web.EndpointLinksResolver      : Exposing 4 endpoint(s) beneath base path '/actuator'
2022-07-06 10:44:16.723  INFO 25040 --- [main] o.s.b.w.embedded.tomcat.TomcatWebServer  : Tomcat started on port(s): 8081 (http) with context path ''
2022-07-06 10:44:21.213  INFO 6948 --- [main] c.z.s.SofaConsumerApplication            : Starting SofaConsumerApplication on DESKTOP-5ERT7R2 with PID 6948 (F:\sofademo-parent\sofa_consumer\target\classes started by 赵航 in F:\sofademo-parent)
2022-07-06 10:44:21.213  INFO 6948 --- [main] c.z.s.SofaConsumerApplication            : No active profile set, falling back to default profiles: default
2022-07-06 10:44:21.726  WARN 6948 --- [main] o.m.s.mapper.ClassPathMapperScanner      : No MyBatis mapper was found in '[com.zh.sofa_consumer]' package. Please check your configuration.
2022-07-06 10:44:21.989  INFO 6948 --- [main] o.s.b.w.embedded.tomcat.TomcatWebServer  : Tomcat initialized with port(s): 8082 (http)
2022-07-06 10:44:21.995  INFO 6948 --- [main] o.apache.catalina.core.StandardService   : Starting service [Tomcat]
2022-07-06 10:44:21.995  INFO 6948 --- [main] org.apache.catalina.core.StandardEngine  : Starting Servlet engine: [Apache Tomcat/9.0.43]
2022-07-06 10:44:22.062  INFO 6948 --- [main] o.a.c.c.C.[Tomcat].[localhost].[/]       : Initializing Spring embedded WebApplicationContext
2022-07-06 10:44:22.062  INFO 6948 --- [main] w.s.c.ServletWebServerApplicationContext : Root WebApplicationContext: initialization completed in 826 ms
2022-07-06 10:44:22.163  WARN 6948 --- [main] ConfigServletWebServerApplicationContext : Exception encountered during context initialization - cancelling refresh attempt: org.springframework.beans.factory.BeanCreationException: Error creating bean with name 'client': Injection of resource dependencies failed; nested exception is org.springframework.beans.factory.NoSuchBeanDefinitionException: No qualifying bean of type 'com.zh.sofa_provider.mapper.UserMapper' available: expected at least 1 bean which qualifies as autowire candidate. Dependency annotations: {@javax.annotation.Resource(shareable=true, lookup=, name=, description=, authenticationType=CONTAINER, type=class java.lang.Object, mappedName=)}
2022-07-06 10:44:22.165  INFO 6948 --- [main] o.apache.catalina.core.StandardService   : Stopping service [Tomcat]
2022-07-06 10:44:22.176  INFO 6948 --- [main] ConditionEvaluationReportLoggingListener : 

Error starting ApplicationContext. To display the conditions report re-run your application with 'debug' enabled.
2022-07-06 10:44:22.284 ERROR 6948 --- [main] o.s.b.d.LoggingFailureAnalysisReporter   : 

***************************
APPLICATION FAILED TO START
***************************

Description:

A component required a bean of type 'com.zh.sofa_provider.mapper.UserMapper' that could not be found.


Action:

Consider defining a bean of type 'com.zh.sofa_provider.mapper.UserMapper' in your configuration.

2022-07-06 10:44:25.589  INFO 25040 --- [main] c.z.s.SofaProviderApplication            : Started SofaProviderApplication in 12.023 seconds (JVM running for 12.791)
2022-07-06 10:44:26.388  INFO 25040 --- [RMI TCP Connection(3)-192.168.79.1] o.a.c.c.C.[Tomcat].[localhost].[/]       : Initializing Spring DispatcherServlet 'dispatcherServlet'
2022-07-06 10:44:26.389  INFO 25040 --- [RMI TCP Connection(3)-192.168.79.1] o.s.web.servlet.DispatcherServlet        : Initializing Servlet 'dispatcherServlet'
2022-07-06 10:44:26.391  INFO 25040 --- [RMI TCP Connection(4)-192.168.79.1] com.zaxxer.hikari.HikariDataSource       : HikariPool-1 - Starting...
2022-07-06 10:44:26.394  INFO 25040 --- [RMI TCP Connection(3)-192.168.79.1] o.s.web.servlet.DispatcherServlet        : Completed initialization in 5 ms
2022-07-06 10:44:26.951  INFO 25040 --- [RMI TCP Connection(4)-192.168.79.1] com.zaxxer.hikari.HikariDataSource       : HikariPool-1 - Start completed.
2022-07-06 10:45:53.019  INFO 25040 --- [SpringContextShutdownHook] o.s.s.concurrent.ThreadPoolTaskExecutor  : Shutting down ExecutorService 'applicationTaskExecutor'
2022-07-06 10:45:53.019  INFO 25040 --- [SpringContextShutdownHook] com.zaxxer.hikari.HikariDataSource       : HikariPool-1 - Shutdown initiated...
2022-07-06 10:45:53.026  INFO 25040 --- [SpringContextShutdownHook] com.zaxxer.hikari.HikariDataSource       : HikariPool-1 - Shutdown completed.
2022-07-06 10:46:11.180  INFO 7876 --- [main] c.z.s.SofaProviderApplication            : Starting SofaProviderApplication on DESKTOP-5ERT7R2 with PID 7876 (F:\sofademo-parent\sofa_provider\target\classes started by 赵航 in F:\sofademo-parent)
2022-07-06 10:46:11.181  INFO 7876 --- [main] c.z.s.SofaProviderApplication            : No active profile set, falling back to default profiles: default
2022-07-06 10:46:11.928  INFO 7876 --- [main] o.s.b.w.embedded.tomcat.TomcatWebServer  : Tomcat initialized with port(s): 8081 (http)
2022-07-06 10:46:11.933  INFO 7876 --- [main] o.apache.catalina.core.StandardService   : Starting service [Tomcat]
2022-07-06 10:46:11.933  INFO 7876 --- [main] org.apache.catalina.core.StandardEngine  : Starting Servlet engine: [Apache Tomcat/9.0.43]
2022-07-06 10:46:11.996  INFO 7876 --- [main] o.a.c.c.C.[Tomcat].[localhost].[/]       : Initializing Spring embedded WebApplicationContext
2022-07-06 10:46:11.996  INFO 7876 --- [main] w.s.c.ServletWebServerApplicationContext : Root WebApplicationContext: initialization completed in 794 ms
2022-07-06 10:46:12.988  INFO 7876 --- [main] o.s.s.concurrent.ThreadPoolTaskExecutor  : Initializing ExecutorService 'applicationTaskExecutor'
2022-07-06 10:46:13.622  INFO 7876 --- [main] o.s.b.a.e.web.EndpointLinksResolver      : Exposing 4 endpoint(s) beneath base path '/actuator'
2022-07-06 10:46:14.019  INFO 7876 --- [main] o.s.b.w.embedded.tomcat.TomcatWebServer  : Tomcat started on port(s): 8081 (http) with context path ''
2022-07-06 10:46:21.761  INFO 22388 --- [main] c.z.s.SofaConsumerApplication            : Starting SofaConsumerApplication on DESKTOP-5ERT7R2 with PID 22388 (F:\sofademo-parent\sofa_consumer\target\classes started by 赵航 in F:\sofademo-parent)
2022-07-06 10:46:21.762  INFO 22388 --- [main] c.z.s.SofaConsumerApplication            : No active profile set, falling back to default profiles: default
2022-07-06 10:46:22.254  WARN 22388 --- [main] o.m.s.mapper.ClassPathMapperScanner      : No MyBatis mapper was found in '[com.zh.sofa_consumer]' package. Please check your configuration.
2022-07-06 10:46:22.507  INFO 22388 --- [main] o.s.b.w.embedded.tomcat.TomcatWebServer  : Tomcat initialized with port(s): 8082 (http)
2022-07-06 10:46:22.512  INFO 22388 --- [main] o.apache.catalina.core.StandardService   : Starting service [Tomcat]
2022-07-06 10:46:22.512  INFO 22388 --- [main] org.apache.catalina.core.StandardEngine  : Starting Servlet engine: [Apache Tomcat/9.0.43]
2022-07-06 10:46:22.577  INFO 22388 --- [main] o.a.c.c.C.[Tomcat].[localhost].[/]       : Initializing Spring embedded WebApplicationContext
2022-07-06 10:46:22.577  INFO 22388 --- [main] w.s.c.ServletWebServerApplicationContext : Root WebApplicationContext: initialization completed in 792 ms
2022-07-06 10:46:22.669  WARN 22388 --- [main] ConfigServletWebServerApplicationContext : Exception encountered during context initialization - cancelling refresh attempt: org.springframework.beans.factory.BeanCreationException: Error creating bean with name 'client': Injection of resource dependencies failed; nested exception is org.springframework.beans.factory.NoSuchBeanDefinitionException: No qualifying bean of type 'com.zh.sofa_provider.mapper.UserMapper' available: expected at least 1 bean which qualifies as autowire candidate. Dependency annotations: {@javax.annotation.Resource(shareable=true, lookup=, name=, description=, authenticationType=CONTAINER, type=class java.lang.Object, mappedName=)}
2022-07-06 10:46:22.671  INFO 22388 --- [main] o.apache.catalina.core.StandardService   : Stopping service [Tomcat]
2022-07-06 10:46:22.682  INFO 22388 --- [main] ConditionEvaluationReportLoggingListener : 

Error starting ApplicationContext. To display the conditions report re-run your application with 'debug' enabled.
2022-07-06 10:46:22.786 ERROR 22388 --- [main] o.s.b.d.LoggingFailureAnalysisReporter   : 

***************************
APPLICATION FAILED TO START
***************************

Description:

A component required a bean of type 'com.zh.sofa_provider.mapper.UserMapper' that could not be found.


Action:

Consider defining a bean of type 'com.zh.sofa_provider.mapper.UserMapper' in your configuration.

2022-07-06 10:46:22.857  INFO 7876 --- [main] c.z.s.SofaProviderApplication            : Started SofaProviderApplication in 11.948 seconds (JVM running for 12.692)
2022-07-06 10:46:23.260  INFO 7876 --- [RMI TCP Connection(3)-192.168.79.1] com.zaxxer.hikari.HikariDataSource       : HikariPool-1 - Starting...
2022-07-06 10:46:23.857  INFO 7876 --- [RMI TCP Connection(3)-192.168.79.1] com.zaxxer.hikari.HikariDataSource       : HikariPool-1 - Start completed.
2022-07-06 10:46:23.936  INFO 7876 --- [RMI TCP Connection(5)-192.168.79.1] o.a.c.c.C.[Tomcat].[localhost].[/]       : Initializing Spring DispatcherServlet 'dispatcherServlet'
2022-07-06 10:46:23.936  INFO 7876 --- [RMI TCP Connection(5)-192.168.79.1] o.s.web.servlet.DispatcherServlet        : Initializing Servlet 'dispatcherServlet'
2022-07-06 10:46:23.941  INFO 7876 --- [RMI TCP Connection(5)-192.168.79.1] o.s.web.servlet.DispatcherServlet        : Completed initialization in 5 ms
2022-07-06 11:02:05.782  INFO 13644 --- [main] c.z.s.SofaConsumerApplication            : Starting SofaConsumerApplication on DESKTOP-5ERT7R2 with PID 13644 (F:\sofademo-parent\sofa_consumer\target\classes started by 赵航 in F:\sofademo-parent)
2022-07-06 11:02:05.783  INFO 13644 --- [main] c.z.s.SofaConsumerApplication            : No active profile set, falling back to default profiles: default
2022-07-06 11:02:06.291  WARN 13644 --- [main] o.m.s.mapper.ClassPathMapperScanner      : No MyBatis mapper was found in '[com.zh.sofa_consumer]' package. Please check your configuration.
2022-07-06 11:02:06.550  INFO 13644 --- [main] o.s.b.w.embedded.tomcat.TomcatWebServer  : Tomcat initialized with port(s): 8082 (http)
2022-07-06 11:02:06.556  INFO 13644 --- [main] o.apache.catalina.core.StandardService   : Starting service [Tomcat]
2022-07-06 11:02:06.556  INFO 13644 --- [main] org.apache.catalina.core.StandardEngine  : Starting Servlet engine: [Apache Tomcat/9.0.43]
2022-07-06 11:02:06.618  INFO 13644 --- [main] o.a.c.c.C.[Tomcat].[localhost].[/]       : Initializing Spring embedded WebApplicationContext
2022-07-06 11:02:06.618  INFO 13644 --- [main] w.s.c.ServletWebServerApplicationContext : Root WebApplicationContext: initialization completed in 813 ms
2022-07-06 11:02:06.713  WARN 13644 --- [main] ConfigServletWebServerApplicationContext : Exception encountered during context initialization - cancelling refresh attempt: org.springframework.beans.factory.UnsatisfiedDependencyException: Error creating bean with name 'client': Unsatisfied dependency expressed through field 'userMapper'; nested exception is org.springframework.beans.factory.NoSuchBeanDefinitionException: No qualifying bean of type 'com.zh.sofa_provider.mapper.UserMapper' available: expected at least 1 bean which qualifies as autowire candidate. Dependency annotations: {@org.springframework.beans.factory.annotation.Autowired(required=true)}
2022-07-06 11:02:06.715  INFO 13644 --- [main] o.apache.catalina.core.StandardService   : Stopping service [Tomcat]
2022-07-06 11:02:06.726  INFO 13644 --- [main] ConditionEvaluationReportLoggingListener : 

Error starting ApplicationContext. To display the conditions report re-run your application with 'debug' enabled.
2022-07-06 11:02:06.828 ERROR 13644 --- [main] o.s.b.d.LoggingFailureAnalysisReporter   : 

***************************
APPLICATION FAILED TO START
***************************

Description:

Field userMapper in com.zh.sofa_consumer.Client required a bean of type 'com.zh.sofa_provider.mapper.UserMapper' that could not be found.

The injection point has the following annotations:
	- @org.springframework.beans.factory.annotation.Autowired(required=true)


Action:

Consider defining a bean of type 'com.zh.sofa_provider.mapper.UserMapper' in your configuration.

2022-07-06 11:08:54.105  INFO 7876 --- [SpringContextShutdownHook] o.s.s.concurrent.ThreadPoolTaskExecutor  : Shutting down ExecutorService 'applicationTaskExecutor'
2022-07-06 11:08:54.106  INFO 7876 --- [SpringContextShutdownHook] com.zaxxer.hikari.HikariDataSource       : HikariPool-1 - Shutdown initiated...
2022-07-06 11:08:54.112  INFO 7876 --- [SpringContextShutdownHook] com.zaxxer.hikari.HikariDataSource       : HikariPool-1 - Shutdown completed.
2022-07-06 14:22:12.348  INFO 22972 --- [main] c.a.b.n.c.u.NacosConfigPropertiesUtils   : nacosConfigProperties : NacosConfigProperties{serverAddr='127.0.0.1:8848', contextPath='null', encode='null', endpoint='null', namespace='null', accessKey='null', secretKey='null', ramRoleName='null', autoRefresh=false, dataId='null', dataIds='null', group='DEFAULT_GROUP', type=null, maxRetry='null', configLongPollTimeout='null', configRetryTime='null', enableRemoteSyncConfig=false, extConfig=[], bootstrap=Bootstrap{enable=false, logEnable=false}}
2022-07-06 14:22:12.349  INFO 22972 --- [main] NacosConfigApplicationContextInitializer : [Nacos Config Boot] : The preload configuration is not enabled
2022-07-06 14:22:12.355  INFO 22972 --- [main] c.z.s.SofaConsumerApplication            : Starting SofaConsumerApplication on DESKTOP-5ERT7R2 with PID 22972 (F:\sofademo-parent\sofa_consumer\target\classes started by 赵航 in F:\sofademo-parent)
2022-07-06 14:22:12.355  INFO 22972 --- [main] c.z.s.SofaConsumerApplication            : No active profile set, falling back to default profiles: default
2022-07-06 14:22:12.848  WARN 22972 --- [main] o.m.s.mapper.ClassPathMapperScanner      : No MyBatis mapper was found in '[com.zh.sofa_consumer]' package. Please check your configuration.
2022-07-06 14:22:13.169  INFO 22972 --- [main] o.s.b.w.embedded.tomcat.TomcatWebServer  : Tomcat initialized with port(s): 8082 (http)
2022-07-06 14:22:13.175  INFO 22972 --- [main] o.apache.catalina.core.StandardService   : Starting service [Tomcat]
2022-07-06 14:22:13.175  INFO 22972 --- [main] org.apache.catalina.core.StandardEngine  : Starting Servlet engine: [Apache Tomcat/9.0.43]
2022-07-06 14:22:13.244  INFO 22972 --- [main] o.a.c.c.C.[Tomcat].[localhost].[/]       : Initializing Spring embedded WebApplicationContext
2022-07-06 14:22:13.244  INFO 22972 --- [main] w.s.c.ServletWebServerApplicationContext : Root WebApplicationContext: initialization completed in 862 ms
2022-07-06 14:22:15.047  INFO 22972 --- [main] o.s.s.concurrent.ThreadPoolTaskExecutor  : Initializing ExecutorService 'applicationTaskExecutor'
2022-07-06 14:22:15.562  WARN 22972 --- [main] ConfigServletWebServerApplicationContext : Exception encountered during context initialization - cancelling refresh attempt: org.springframework.beans.factory.BeanCreationException: Error creating bean with name 'dataSource' defined in class path resource [org/springframework/boot/autoconfigure/jdbc/DataSourceConfiguration$Hikari.class]: Bean instantiation via factory method failed; nested exception is org.springframework.beans.BeanInstantiationException: Failed to instantiate [com.zaxxer.hikari.HikariDataSource]: Factory method 'dataSource' threw exception; nested exception is org.springframework.boot.autoconfigure.jdbc.DataSourceProperties$DataSourceBeanCreationException: Failed to determine a suitable driver class
2022-07-06 14:22:15.563  INFO 22972 --- [main] o.s.s.concurrent.ThreadPoolTaskExecutor  : Shutting down ExecutorService 'applicationTaskExecutor'
2022-07-06 14:22:15.564  INFO 22972 --- [main] .c.NacosValueAnnotationBeanPostProcessor : class com.alibaba.nacos.spring.context.annotation.config.NacosValueAnnotationBeanPostProcessor was destroying!
2022-07-06 14:22:15.564  INFO 22972 --- [main] AnnotationNacosInjectedBeanPostProcessor : class com.alibaba.nacos.spring.beans.factory.annotation.AnnotationNacosInjectedBeanPostProcessor was destroying!
2022-07-06 14:22:15.566  INFO 22972 --- [main] o.apache.catalina.core.StandardService   : Stopping service [Tomcat]
2022-07-06 14:22:15.578  INFO 22972 --- [main] ConditionEvaluationReportLoggingListener : 

Error starting ApplicationContext. To display the conditions report re-run your application with 'debug' enabled.
2022-07-06 14:22:15.582 ERROR 22972 --- [main] o.s.b.d.LoggingFailureAnalysisReporter   : 

***************************
APPLICATION FAILED TO START
***************************

Description:

Failed to configure a DataSource: 'url' attribute is not specified and no embedded datasource could be configured.

Reason: Failed to determine a suitable driver class


Action:

Consider the following:
	If you want an embedded database (H2, HSQL or Derby), please put it on the classpath.
	If you have database settings to be loaded from a particular profile you may need to activate it (no profiles are currently active).

